11:29:35.420 [Forwarding newSession on session null to remote] DEBUG io.netty.util.NetUtil - Failed to get SOMAXCONN from sysctl and file \proc\sys\net\core\somaxconn. Default: 200
11:29:35.472 [Forwarding newSession on session null to remote] DEBUG io.netty.channel.DefaultChannelId - -Dio.netty.machineId: 34:60:f9:ff:fe:35:be:53 (auto-detected)
11:29:35.561 [AsyncHttpClient-1-2] DEBUG io.netty.buffer.AbstractByteBuf - -Dio.netty.buffer.checkAccessible: true
11:29:35.561 [AsyncHttpClient-1-2] DEBUG io.netty.buffer.AbstractByteBuf - -Dio.netty.buffer.checkBounds: true
11:29:35.561 [AsyncHttpClient-1-2] DEBUG io.netty.util.ResourceLeakDetectorFactory - Loaded default ResourceLeakDetector: io.netty.util.ResourceLeakDetector@5d9bdde3
11:29:35.613 [AsyncHttpClient-1-2] DEBUG io.netty.util.Recycler - -Dio.netty.recycler.maxCapacityPerThread: 4096
11:29:35.613 [AsyncHttpClient-1-2] DEBUG io.netty.util.Recycler - -Dio.netty.recycler.ratio: 8
11:29:35.613 [AsyncHttpClient-1-2] DEBUG io.netty.util.Recycler - -Dio.netty.recycler.chunkSize: 32
11:29:35.613 [AsyncHttpClient-1-2] DEBUG io.netty.util.Recycler - -Dio.netty.recycler.blocking: false
11:29:35.613 [AsyncHttpClient-1-2] DEBUG io.netty.util.Recycler - -Dio.netty.recycler.batchFastThreadLocalOnly: true
11:29:39.033 [AsyncHttpClient-1-2] DEBUG io.netty.handler.codec.compression.Brotli - brotli4j not in the classpath; Brotli support will be unavailable.
11:29:39.298 [main] DEBUG io.netty.util.internal.ThreadLocalRandom - -Dio.netty.initialSeedUniquifier: 0x6452f0f300bb775f
11:29:41.423 [main] INFO  testcases.TC_001_AccountRegistraionTest - *** starting TC_001_AccountRegistrationTest ***
11:29:41.523 [main] INFO  testcases.TC_001_AccountRegistraionTest - Clicking on MyAccount link
11:29:41.839 [main] INFO  testcases.TC_001_AccountRegistraionTest - Clicking on register link
11:29:43.159 [main] INFO  testcases.TC_001_AccountRegistraionTest - Providing customers details
11:29:45.836 [main] INFO  testcases.TC_001_AccountRegistraionTest - Registration successful...
11:29:45.845 [main] INFO  testcases.TC_001_AccountRegistraionTest - *** Finished TC_001_AccountRegistrationTest ***
11:29:51.432 [main] INFO  testcases.TC_002_LoginTest - Starting TC_002_LoginTest
11:29:53.927 [main] INFO  testcases.TC_002_LoginTest - End TC_002_LoginTest
